<?xml version="1.0" encoding="UTF-8"?>
<!-- Generated by org.testng.reporters.JUnitReportReporter -->
<testsuite hostname="Lenovo" failures="0" tests="1" name="PageObjectModel" time="9.716" errors="0" timestamp="2 Apr 2020 12:56:52 GMT">
  <testcase classname="PageObjectModel" name="FlipKartSignIn" time="9.716"/>
</testsuite> <!-- PageObjectModel -->
