<?xml version="1.0" encoding="UTF-8"?>
<!-- Generated by org.testng.reporters.JUnitReportReporter -->
<testsuite hostname="Lenovo" failures="0" tests="1" name="TestNG" time="10.189" errors="0" timestamp="2 Apr 2020 12:56:08 GMT">
  <testcase classname="TestNG" name="FlipKartSignIn" time="10.189"/>
</testsuite> <!-- TestNG -->
